 * Serving Flask app 'rest_app' (lazy loading)
 * Environment: production
   WARNING: This is a development server. Do not use it in a production deployment.
   Use a production WSGI server instead.
 * Debug mode: on
 * Running on http://localhost:5000 (Press CTRL+C to quit)
 * Restarting with stat
 * Debugger is active!
 * Debugger PIN: 132-240-670
Traceback (most recent call last):
  File "/Users/afik.navaro/DevOps_Class/Python_Project/rest_app.py", line 53, in <module>
    app.run(host='localhost', debug=True, port=5000)
  File "/Users/afik.navaro/DevOps_Class/venv/lib/python3.8/site-packages/flask/app.py", line 920, in run
    run_simple(t.cast(str, host), port, self, **options)
  File "/Users/afik.navaro/DevOps_Class/venv/lib/python3.8/site-packages/werkzeug/serving.py", line 1083, in run_simple
    run_with_reloader(
  File "/Users/afik.navaro/DevOps_Class/venv/lib/python3.8/site-packages/werkzeug/_reloader.py", line 434, in run_with_reloader
    ensure_echo_on()
  File "/Users/afik.navaro/DevOps_Class/venv/lib/python3.8/site-packages/werkzeug/_reloader.py", line 414, in ensure_echo_on
    termios.tcsetattr(sys.stdin, termios.TCSANOW, attributes)
termios.error: (4, 'Interrupted system call')
